<?xml version="1.0" encoding="UTF-8"?>
<!-- Generated by org.testng.reporters.JUnitReportReporter -->
<testsuite hostname="DESKTOP-4H7QSCG" failures="0" tests="4" name="TestNgKeywords.Enabled" time="0.038" errors="0" timestamp="2022-11-08T21:26:06 IST" skipped="1">
  <testcase classname="TestNgKeywords.Enabled" name="D" time="0.004"/>
  <system-out>
    <![CDATA[D tc is running]]>
  </system-out>
  <testcase classname="TestNgKeywords.Enabled" name="A" time="0.032"/>
  <system-out>
    <![CDATA[A tc is runnig]]>
  </system-out>
  <testcase classname="TestNgKeywords.Enabled" name="B" time="0.002"/>
  <system-out>
    <![CDATA[B tc is running]]>
  </system-out>
  <testcase classname="TestNgKeywords.Enabled" name="C">
    <skipped/>
  </testcase> <!-- C -->
  <system-out/>
</testsuite> <!-- TestNgKeywords.Enabled -->
