<?xml version="1.0" encoding="UTF-8"?>
<!-- Generated by org.testng.reporters.JUnitReportReporter -->
<testsuite hostname="DESKTOP-4H7QSCG" failures="0" tests="1" name="verificatinUsingTestNG.AssertFalse" time="0.022" errors="0" timestamp="2022-11-17T13:01:13 IST" skipped="0">
  <testcase classname="verificatinUsingTestNG.AssertFalse" name="assertFalse" time="0.022"/>
  <system-out/>
</testsuite> <!-- verificatinUsingTestNG.AssertFalse -->
