<?xml version="1.0" encoding="UTF-8"?>
<!-- Generated by org.testng.reporters.JUnitReportReporter -->
<testsuite hostname="DESKTOP-4H7QSCG" failures="0" tests="4" name="testNgxml.Testing1" time="0.028" errors="0" timestamp="2022-11-29T12:44:49 IST" skipped="0">
  <testcase classname="testNgxml.Testing1" name="B" time="0.001"/>
  <system-out>
    <![CDATA[B tc is runing]]>
  </system-out>
  <testcase classname="testNgxml.Testing1" name="D" time="0.009"/>
  <system-out>
    <![CDATA[D tc is runing]]>
  </system-out>
  <testcase classname="testNgxml.Testing1" name="A" time="0.016"/>
  <system-out>
    <![CDATA[ A tc is running]]>
  </system-out>
  <testcase classname="testNgxml.Testing1" name="C" time="0.002"/>
  <system-out>
    <![CDATA[C tc is runing]]>
  </system-out>
</testsuite> <!-- testNgxml.Testing1 -->
