<?xml version="1.0" encoding="UTF-8"?>
<!-- Generated by org.testng.reporters.JUnitReportReporter -->
<testsuite hostname="DESKTOP-4H7QSCG" failures="0" tests="2" name="testNgxml1.Testing2" time="0.007" errors="0" timestamp="2022-11-18T08:43:53 IST" skipped="0">
  <testcase classname="testNgxml1.Testing2" name="G" time="0.005"/>
  <system-out>
    <![CDATA[G tc is runing]]>
  </system-out>
  <testcase classname="testNgxml1.Testing2" name="E" time="0.002"/>
  <system-out>
    <![CDATA[ E t is runing]]>
  </system-out>
</testsuite> <!-- testNgxml1.Testing2 -->
