<?xml version="1.0" encoding="UTF-8"?>
<!-- Generated by org.testng.reporters.JUnitReportReporter -->
<testsuite hostname="DESKTOP-4H7QSCG" failures="0" tests="1" name="sofetAsserts.FireFoxTest" time="9.192" errors="0" timestamp="2022-11-22T16:16:44 IST" skipped="0">
  <testcase classname="sofetAsserts.FireFoxTest" name="fireFox" time="9.192"/>
  <system-out/>
</testsuite> <!-- sofetAsserts.FireFoxTest -->
