<?xml version="1.0" encoding="UTF-8"?>
<!-- Generated by org.testng.reporters.JUnitReportReporter -->
<testsuite hostname="DESKTOP-4H7QSCG" failures="0" tests="4" name="TestNgKeywords.Priority" time="0.016" errors="0" timestamp="2022-11-17T09:09:03 IST" skipped="0">
  <testcase classname="TestNgKeywords.Priority" name="D" time="0.003"/>
  <system-out>
    <![CDATA[ D tc is runnig]]>
  </system-out>
  <testcase classname="TestNgKeywords.Priority" name="C" time="0.003"/>
  <system-out>
    <![CDATA[ C tc is runnig]]>
  </system-out>
  <testcase classname="TestNgKeywords.Priority" name="A" time="0.007"/>
  <system-out>
    <![CDATA[ A tc is runnig]]>
  </system-out>
  <testcase classname="TestNgKeywords.Priority" name="B" time="0.003"/>
  <system-out>
    <![CDATA[ B tc is runnig]]>
  </system-out>
</testsuite> <!-- TestNgKeywords.Priority -->
