<?xml version="1.0" encoding="UTF-8"?>
<!-- Generated by org.testng.reporters.JUnitReportReporter -->
<testsuite hostname="DESKTOP-4H7QSCG" failures="0" tests="2" name="testNgxml.Testing2" time="0.007" errors="0" timestamp="2022-11-29T12:44:01 IST" skipped="0">
  <testcase classname="testNgxml.Testing2" name="H" time="0.005"/>
  <system-out>
    <![CDATA[H tc is runing]]>
  </system-out>
  <testcase classname="testNgxml.Testing2" name="E" time="0.002"/>
  <system-out>
    <![CDATA[ E t is runing]]>
  </system-out>
</testsuite> <!-- testNgxml.Testing2 -->
