<?xml version="1.0" encoding="UTF-8"?>
<!-- Generated by org.testng.reporters.JUnitReportReporter -->
<testsuite hostname="DESKTOP-4H7QSCG" failures="0" tests="1" name="TestNgStudy.UpStoxApplicationTest" time="0.012" errors="0" timestamp="2022-11-07T14:10:31 IST" skipped="0">
  <testcase classname="TestNgStudy.UpStoxApplicationTest" name="validateUserName" time="0.012"/>
  <system-out>
    <![CDATA[Validate user name is running]]>
  </system-out>
</testsuite> <!-- TestNgStudy.UpStoxApplicationTest -->
