<?xml version="1.0" encoding="UTF-8"?>
<!-- Generated by org.testng.reporters.JUnitReportReporter -->
<testsuite hostname="DESKTOP-4H7QSCG" failures="0" tests="2" name="TestNgStudy.MyTest" time="0.025" errors="0" timestamp="2022-11-16T21:08:19 IST" skipped="0">
  <testcase classname="TestNgStudy.MyTest" name="B" time="0.003"/>
  <system-out>
    <![CDATA[B method is running use------>log
B method is running use------>log true]]>
  </system-out>
  <testcase classname="TestNgStudy.MyTest" name="A" time="0.022"/>
  <system-out>
    <![CDATA[A method is running use--->log
A method is running use--->log true]]>
  </system-out>
</testsuite> <!-- TestNgStudy.MyTest -->
