<?xml version="1.0" encoding="UTF-8"?>
<!-- Generated by org.testng.reporters.JUnitReportReporter -->
<testsuite hostname="DESKTOP-4H7QSCG" failures="0" tests="1" name="verificatinUsingTestNG.notNull" time="0.062" errors="0" timestamp="2022-11-17T16:25:10 IST" skipped="0">
  <testcase classname="verificatinUsingTestNG.notNull" name="assertNotNull" time="0.062"/>
  <system-out/>
</testsuite> <!-- verificatinUsingTestNG.notNull -->
