<?xml version="1.0" encoding="UTF-8"?>
<!-- Generated by org.testng.reporters.JUnitReportReporter -->
<testsuite hostname="DESKTOP-4H7QSCG" failures="0" tests="4" name="TestNgKeywords.DependsOnMethod" time="0.022" errors="0" timestamp="2022-11-17T09:09:03 IST" skipped="0">
  <testcase classname="TestNgKeywords.DependsOnMethod" name="A" time="0.003"/>
  <system-out>
    <![CDATA[A tc is running]]>
  </system-out>
  <testcase classname="TestNgKeywords.DependsOnMethod" name="B" time="0.014"/>
  <system-out>
    <![CDATA[B tc is running]]>
  </system-out>
  <testcase classname="TestNgKeywords.DependsOnMethod" name="C" time="0.003"/>
  <system-out>
    <![CDATA[C  tc is running]]>
  </system-out>
  <testcase classname="TestNgKeywords.DependsOnMethod" name="D" time="0.002"/>
  <system-out>
    <![CDATA[D tc is running]]>
  </system-out>
</testsuite> <!-- TestNgKeywords.DependsOnMethod -->
