<?xml version="1.0" encoding="UTF-8"?>
<!-- Generated by org.testng.reporters.JUnitReportReporter -->
<testsuite hostname="DESKTOP-4H7QSCG" failures="0" tests="1" name="verificatinUsingTestNG.AssertEqual" time="0.030" errors="0" timestamp="2022-11-17T12:45:21 IST" skipped="0">
  <testcase classname="verificatinUsingTestNG.AssertEqual" name="TestCsae1" time="0.030"/>
  <system-out>
    <![CDATA[a & b are matching, TC is passed]]>
  </system-out>
</testsuite> <!-- verificatinUsingTestNG.AssertEqual -->
