<?xml version="1.0" encoding="UTF-8"?>
<!-- Generated by org.testng.reporters.JUnitReportReporter -->
<testsuite hostname="DESKTOP-4H7QSCG" failures="0" tests="1" name="verificatinUsingTestNG.AssertTrue1" time="0.063" errors="0" timestamp="2022-11-17T12:57:46 IST" skipped="0">
  <testcase classname="verificatinUsingTestNG.AssertTrue1" name="assertTrue" time="0.063"/>
  <system-out/>
</testsuite> <!-- verificatinUsingTestNG.AssertTrue1 -->
