<?xml version="1.0" encoding="UTF-8"?>
<!-- Generated by org.testng.reporters.JUnitReportReporter -->
<testsuite hostname="DESKTOP-4H7QSCG" failures="0" tests="7" name="TestNgKeywords.InvocationCount" time="0.039" errors="0" timestamp="2022-11-08T21:11:41 IST" skipped="0">
  <testcase classname="TestNgKeywords.InvocationCount" name="A" time="0.002"/>
  <system-out>
    <![CDATA[ A test is running ]]>
  </system-out>
  <testcase classname="TestNgKeywords.InvocationCount" name="A" time="0.002"/>
  <system-out>
    <![CDATA[ A test is running ]]>
  </system-out>
  <testcase classname="TestNgKeywords.InvocationCount" name="A" time="0.005"/>
  <system-out>
    <![CDATA[ A test is running ]]>
  </system-out>
  <testcase classname="TestNgKeywords.InvocationCount" name="A" time="0.004"/>
  <system-out>
    <![CDATA[ A test is running ]]>
  </system-out>
  <testcase classname="TestNgKeywords.InvocationCount" name="A" time="0.008"/>
  <system-out>
    <![CDATA[ A test is running ]]>
  </system-out>
  <testcase classname="TestNgKeywords.InvocationCount" name="A" time="0.002"/>
  <system-out>
    <![CDATA[ A test is running ]]>
  </system-out>
  <testcase classname="TestNgKeywords.InvocationCount" name="A" time="0.016"/>
  <system-out>
    <![CDATA[ A test is running ]]>
  </system-out>
</testsuite> <!-- TestNgKeywords.InvocationCount -->
