<?xml version="1.0" encoding="UTF-8"?>
<!-- Generated by org.testng.reporters.JUnitReportReporter -->
<testsuite hostname="DESKTOP-4H7QSCG" failures="0" tests="1" name="verificatinUsingTestNG.AssertTrue" time="12.473" errors="0" timestamp="2022-11-17T12:33:21 IST" skipped="0">
  <testcase classname="verificatinUsingTestNG.AssertTrue" name="verifyCheckBox" time="12.473"/>
  <system-out/>
</testsuite> <!-- verificatinUsingTestNG.AssertTrue -->
