<?xml version="1.0" encoding="UTF-8"?>
<!-- Generated by org.testng.reporters.JUnitReportReporter -->
<testsuite hostname="DESKTOP-4H7QSCG" failures="0" tests="2" name="testNgxml1.Testing1" time="0.018" errors="0" timestamp="2022-11-18T08:43:53 IST" skipped="0">
  <testcase classname="testNgxml1.Testing1" name="B" time="0.002"/>
  <system-out>
    <![CDATA[B tc is runing]]>
  </system-out>
  <testcase classname="testNgxml1.Testing1" name="A" time="0.016"/>
  <system-out>
    <![CDATA[ A tc is running]]>
  </system-out>
</testsuite> <!-- testNgxml1.Testing1 -->
