<?xml version="1.0" encoding="UTF-8"?>
<!-- Generated by org.testng.reporters.JUnitReportReporter -->
<testsuite hostname="DESKTOP-4H7QSCG" failures="0" tests="2" name="neoStoxTestClasses.ValidateNeoStoxUserNameUsingPropertyFile" time="24.954" errors="0" timestamp="2022-12-02T16:42:46 IST" skipped="0">
  <testcase classname="neoStoxTestClasses.ValidateNeoStoxUserNameUsingPropertyFile" name="validateUserName" time="10.298"/>
  <system-out>
    <![CDATA[getting user Name
reading value of userName from property file
getting user Name
taking screenshot ]]>
  </system-out>
  <testcase classname="neoStoxTestClasses.ValidateNeoStoxUserNameUsingPropertyFile" name="validateAcBalance" time="14.656"/>
  <system-out>
    <![CDATA[waiting for 1000milis
getting act balance
waiting for 1000milis
getting act balance
AC balance is Rs.5,00,000.00]]>
  </system-out>
</testsuite> <!-- neoStoxTestClasses.ValidateNeoStoxUserNameUsingPropertyFile -->
