<?xml version="1.0" encoding="UTF-8"?>
<!-- Generated by org.testng.reporters.JUnitReportReporter -->
<testsuite hostname="DESKTOP-4H7QSCG" failures="0" tests="2" name="TestNgStudy.AnnotationStudy" time="0.088" errors="0" timestamp="2022-11-16T14:30:42 IST" skipped="0">
  <testcase classname="TestNgStudy.AnnotationStudy" name="myTest1" time="0.060"/>
  <system-out>
    <![CDATA[myTest Test method 1 is running]]>
  </system-out>
  <testcase classname="TestNgStudy.AnnotationStudy" name="myTest2" time="0.028"/>
  <system-out>
    <![CDATA[myTest Test method 2 is running]]>
  </system-out>
</testsuite> <!-- TestNgStudy.AnnotationStudy -->
