<?xml version="1.0" encoding="UTF-8"?>
<!-- Generated by org.testng.reporters.JUnitReportReporter -->
<testsuite hostname="DESKTOP-4H7QSCG" failures="0" tests="1" name="verificatinUsingTestNG.AssertNull" time="0.021" errors="0" timestamp="2022-11-17T13:05:32 IST" skipped="0">
  <testcase classname="verificatinUsingTestNG.AssertNull" name="assertnull" time="0.021"/>
  <system-out/>
</testsuite> <!-- verificatinUsingTestNG.AssertNull -->
