<?xml version="1.0" encoding="UTF-8"?>
<!-- Generated by org.testng.reporters.JUnitReportReporter -->
<testsuite hostname="DESKTOP-4H7QSCG" failures="0" tests="1" name="neoStoxTestClasses.ValidateNeoStoxUserName" time="18.462" errors="0" timestamp="2022-11-30T15:29:04 IST" skipped="0">
  <testcase classname="neoStoxTestClasses.ValidateNeoStoxUserName" name="validateUserName" time="18.462"/>
  <system-out>
    <![CDATA[getting user Name
entering data from excel 
getting user Name
taking screenshot ]]>
  </system-out>
</testsuite> <!-- neoStoxTestClasses.ValidateNeoStoxUserName -->
